02:13:19 <INFO> Started REINVENT 4.6.27 (C) AstraZeneca 2017, 2023 on 2025-11-04
02:13:19 <INFO> Command line: /home/cm1202/anaconda3/envs/reinvent4/bin/reinvent -l rl.log rl_sdc1.toml
02:13:19 <INFO> Reading run configuration from /home/cm1202/Desktop/NIH_Project/data/rl_sdc1.toml using format toml
02:13:19 <INFO> User cm1202 on host cm1202-Thin-15-B13VE
02:13:19 <INFO> Python version 3.11.13
02:13:19 <INFO> PyTorch version 2.9.0+cu128, git 0fabc3ba44823f257e70ce397d989c8de5e362c1
02:13:19 <INFO> PyTorch compiled with CUDA version 12.8
02:13:19 <INFO> RDKit version 2025.03.6
02:13:19 <INFO> Platform Linux-6.14.0-33-generic-x86_64-with-glibc2.39
02:13:20 <INFO> CUDA driver version 580.82.09
02:13:20 <INFO> Number of PyTorch CUDA devices 1
02:13:20 <WARN> 'use_cuda' is deprecated, use 'device' instead
02:13:20 <INFO> Using CUDA device:0 NVIDIA GeForce RTX 4050 Laptop GPU
02:13:20 <INFO> GPU memory: 5581 MiB free, 5770 MiB total
02:13:20 <INFO> Writing TensorBoard summary to /home/cm1202/Desktop/NIH_Project/data/tb_RL_sdc1
02:13:20 <INFO> Writing JSON config file to /home/cm1202/Desktop/NIH_Project/data/_staged_learning_sdc1.json
02:13:20 <INFO> Starting 1 stage of Reinforcement Learning
02:13:20 <INFO> /home/cm1202/Desktop/NIH_Project/priors/prior_sdc1.model has valid hash:
{ 'comments': ['TL'],
  'creation_date': 0,
  'date_format': 'UNIX epoch',
  'hash_id': 'd6379ca4eef1697c612e2ee1e665c402',
  'hash_id_format': 'xxhash.xxh3_128_hex 3.5.0',
  'model_id': '55d68f8a81c04f5a86304ebe1723a0ea',
  'model_id_format': 'uuid.uuid4 3.10.12',
  'origina_data_source': 'ChEMBL 25',
  'updates': [1762231688.4058309]}
02:13:20 <INFO> Number of network parameters: 5,805,602
02:13:20 <INFO> Network architecture:
RNN(
  (_embedding): Embedding(34, 256)
  (_rnn): LSTM(256, 512, num_layers=3, batch_first=True)
  (_linear): Linear(in_features=512, out_features=34, bias=True)
)
02:13:20 <INFO> /home/cm1202/Desktop/NIH_Project/data/models/agent_sdc1.model has valid hash:
{ 'comments': ['TL'],
  'creation_date': 0,
  'date_format': 'UNIX epoch',
  'hash_id': 'd6379ca4eef1697c612e2ee1e665c402',
  'hash_id_format': 'xxhash.xxh3_128_hex 3.5.0',
  'model_id': '55d68f8a81c04f5a86304ebe1723a0ea',
  'model_id_format': 'uuid.uuid4 3.10.12',
  'origina_data_source': 'ChEMBL 25',
  'updates': [1762231688.4058309]}
02:13:20 <INFO> Number of network parameters: 5,805,602
02:13:20 <INFO> Network architecture:
RNN(
  (_embedding): Embedding(34, 256)
  (_rnn): LSTM(256, 512, num_layers=3, batch_first=True)
  (_linear): Linear(in_features=512, out_features=34, bias=True)
)
02:13:20 <INFO> Using generator Reinvent
02:13:20 <INFO> Prior read from /home/cm1202/Desktop/NIH_Project/priors/prior_sdc1.model
02:13:20 <INFO> Agent read from /home/cm1202/Desktop/NIH_Project/data/models/agent_sdc1.model
02:13:20 <INFO> Using reward strategy dap
02:13:20 <INFO> Using diversity filter IdenticalMurckoScaffold
02:13:20 <INFO> Diversity filter memories are retained between stages
02:13:20 <WARN> Inception disabled but may speed up convergence
02:13:20 <INFO> Registered scoring component ROCSSimilarity
02:13:20 <INFO> Registered scoring component GroupCount
02:13:20 <INFO> Registered scoring component FragmentQed
02:13:20 <INFO> Registered scoring component FragmentSlogP
02:13:20 <INFO> Registered scoring component FragmentMolecularWeight
02:13:20 <INFO> Registered scoring component FragmentTPSA
02:13:20 <INFO> Registered scoring component FragmentDistanceMatrix
02:13:20 <INFO> Registered scoring component FragmentNumAtomStereoCenters
02:13:20 <INFO> Registered scoring component FragmentHBondAcceptors
02:13:20 <INFO> Registered scoring component FragmentHBondDonors
02:13:20 <INFO> Registered scoring component FragmentNumRotBond
02:13:20 <INFO> Registered scoring component FragmentCsp3
02:13:20 <INFO> Registered scoring component Fragmentnumsp
02:13:20 <INFO> Registered scoring component Fragmentnumsp2
02:13:20 <INFO> Registered scoring component Fragmentnumsp3
02:13:20 <INFO> Registered scoring component FragmentEffectiveLength
02:13:20 <INFO> Registered scoring component FragmentGraphLength
02:13:20 <INFO> Registered scoring component FragmentLengthRatio
02:13:20 <INFO> Registered scoring component FragmentNumHeavyAtoms
02:13:20 <INFO> Registered scoring component FragmentNumHeteroAtoms
02:13:20 <INFO> Registered scoring component FragmentNumRings
02:13:20 <INFO> Registered scoring component FragmentNumAromaticRings
02:13:20 <INFO> Registered scoring component FragmentNumAliphaticRings
02:13:20 <INFO> Registered scoring component FragmentSlogP
02:13:20 <INFO> Registered scoring component MatchingSubstructure
02:13:20 <INFO> Registered scoring component MolVolume
02:13:20 <INFO> Registered scoring component Qed
02:13:20 <INFO> Registered scoring component LargestRingSize
02:13:20 <INFO> Registered scoring component MolecularWeight
02:13:20 <INFO> Registered scoring component GraphLength
02:13:20 <INFO> Registered scoring component NumAtomStereoCenters
02:13:20 <INFO> Registered scoring component HBondAcceptors
02:13:20 <INFO> Registered scoring component HBondDonors
02:13:20 <INFO> Registered scoring component NumRotBond
02:13:20 <INFO> Registered scoring component Csp3
02:13:20 <INFO> Registered scoring component numsp
02:13:20 <INFO> Registered scoring component numsp2
02:13:20 <INFO> Registered scoring component numsp3
02:13:20 <INFO> Registered scoring component NumHeavyAtoms
02:13:20 <INFO> Registered scoring component NumHeteroAtoms
02:13:20 <INFO> Registered scoring component NumRings
02:13:20 <INFO> Registered scoring component NumAromaticRings
02:13:20 <INFO> Registered scoring component NumAliphaticRings
02:13:20 <INFO> Registered scoring component SlogP
02:13:20 <INFO> Registered scoring component LargestRingSize
02:13:20 <INFO> Registered scoring component PMI
02:13:20 <INFO> Registered scoring component RDKitDescriptors
02:13:20 <INFO> Registered scoring component TanimotoSimilarity
02:13:20 <INFO> Registered scoring component TanimotoDistance
02:13:20 <INFO> Registered scoring component TPSA
02:13:20 <INFO> Registered scoring component SAScore
02:13:20 <INFO> Registered scoring component Cazp
02:13:20 <INFO> Registered scoring component ChemProp
02:13:20 <INFO> Registered scoring component CustomAlerts
02:13:20 <INFO> Registered scoring component DockStream
02:13:20 <INFO> Registered scoring component ExternalProcess
02:13:20 <INFO> Registered scoring component REST
02:13:20 <INFO> Registered scoring component Icolos
02:13:20 <INFO> Registered scoring component Maize
02:13:20 <INFO> Registered scoring component MMP
02:13:20 <INFO> Registered scoring component Qptuna
02:13:20 <INFO> Registered scoring component ReactionFilter
02:13:20 <INFO> Registered scoring component RingPrecedence
